<?xml version="1.0" encoding="UTF-8"?>
<testsuite name="Login Test"
           tests="3"
           failures="0"
           errors="0"
           skipped="0"
           time="2.371">
  <properties />
  
  
            <testcase name="verifyUserShouldNavigateToLaptopsAndNotebooksPageSuccessfully" time="0.691" classname="com.tutorialsninja.testsuit.HomePageTest" />
                <testcase name="verifyUserShouldNavigateToDesktopsPageSuccessfully" time="1.145" classname="com.tutorialsninja.testsuit.HomePageTest" />
                <testcase name="verifyUserShouldNavigateToComponentsPageSuccessfully" time="0.535" classname="com.tutorialsninja.testsuit.HomePageTest" />
      
</testsuite>
